app/build/intermediates/manifest_merge_blame_file/release/manifest-merger-blame-release-report.txt
1<?xml version="1.0" encoding="utf-8"?>
2<manifest xmlns:android="http://schemas.android.com/apk/res/android"
3    package="com.cleanup.todoc"
4    android:versionCode="1"
5    android:versionName="1.0" >
6
7    <uses-sdk
8        android:minSdkVersion="21"
8-->src\main\AndroidManifest.xml
9        android:targetSdkVersion="29" />
9-->src\main\AndroidManifest.xml
10    <!-- Ignore GoogleAppIndexingWarning is safe because we don't want the app to be indexable -->
11    <application
11-->src\main\AndroidManifest.xml:6:5-22:19
12        android:allowBackup="false"
12-->src\main\AndroidManifest.xml:7:9-36
13        android:appComponentFactory="android.support.v4.app.CoreComponentFactory"
13-->[com.android.support:support-compat:28.0.0] AndroidManifest.xml:22:18-91
14        android:icon="@mipmap/ic_launcher"
14-->src\main\AndroidManifest.xml:8:9-43
15        android:label="@string/app_name"
15-->src\main\AndroidManifest.xml:9:9-41
16        android:roundIcon="@mipmap/ic_launcher_round"
16-->src\main\AndroidManifest.xml:10:9-54
17        android:supportsRtl="true"
17-->src\main\AndroidManifest.xml:11:9-35
18        android:theme="@style/AppTheme" >
18-->src\main\AndroidManifest.xml:12:9-40
19        <activity
19-->src\main\AndroidManifest.xml:14:9-21:20
20            android:name="com.cleanup.todoc.ui.MainActivity"
20-->src\main\AndroidManifest.xml:15:13-44
21            android:label="@string/app_name" >
21-->src\main\AndroidManifest.xml:16:13-45
22            <intent-filter>
22-->src\main\AndroidManifest.xml:17:13-20:29
23                <action android:name="android.intent.action.MAIN" />
23-->src\main\AndroidManifest.xml:18:17-69
23-->src\main\AndroidManifest.xml:18:25-66
24
25                <category android:name="android.intent.category.LAUNCHER" />
25-->src\main\AndroidManifest.xml:19:17-77
25-->src\main\AndroidManifest.xml:19:27-74
26            </intent-filter>
27        </activity>
28
29        <provider
29-->[android.arch.lifecycle:extensions:1.1.0] AndroidManifest.xml:23:9-27:43
30            android:name="android.arch.lifecycle.ProcessLifecycleOwnerInitializer"
30-->[android.arch.lifecycle:extensions:1.1.0] AndroidManifest.xml:24:13-83
31            android:authorities="com.cleanup.todoc.lifecycle-trojan"
31-->[android.arch.lifecycle:extensions:1.1.0] AndroidManifest.xml:25:13-68
32            android:exported="false"
32-->[android.arch.lifecycle:extensions:1.1.0] AndroidManifest.xml:26:13-37
33            android:multiprocess="true" />
33-->[android.arch.lifecycle:extensions:1.1.0] AndroidManifest.xml:27:13-40
34    </application>
35
36</manifest>